<?xml version="1.0" encoding="UTF-8" ?>
<testsuites>
  <testsuite errors="1" failures="0" hostname="8b169e5839024d7" id="0" name="Test" package="com.withub.sample" tests="1" time="0.0" timestamp="2011-08-02T01:51:19">
      <properties>
[...]
</properties>

      <error message="com.withub.sample.Test" type="java.lang.ClassNotFoundException">java.lang.ClassNotFoundException: com.withub.sample.Test
	at java.net.URLClassLoader$1.run(Unknown Source)
	at java.security.AccessController.doPrivileged(Native Method)
	at java.net.URLClassLoader.findClass(Unknown Source)
	at java.lang.ClassLoader.loadClass(Unknown Source)
	at sun.misc.Launcher$AppClassLoader.loadClass(Unknown Source)
	at java.lang.ClassLoader.loadClass(Unknown Source)
	at java.lang.ClassLoader.loadClassInternal(Unknown Source)
	at java.lang.Class.forName0(Native Method)
	at java.lang.Class.forName(Unknown Source)
</error>

      <system-out />

      <system-err />

  </testsuite>
  <testsuite errors="1" failures="0" hostname="8b169e5839024d7" id="1" name="Test1" package="com.withub.sample" tests="1" time="0.0" timestamp="2011-08-02T01:51:20">
      <properties>
[...]
</properties>

      <error message="com.withub.sample.Test1" type="java.lang.ClassNotFoundException">java.lang.ClassNotFoundException: com.withub.sample.Test1
	at java.net.URLClassLoader$1.run(Unknown Source)
	at java.security.AccessController.doPrivileged(Native Method)
	at java.net.URLClassLoader.findClass(Unknown Source)
	at java.lang.ClassLoader.loadClass(Unknown Source)
	at sun.misc.Launcher$AppClassLoader.loadClass(Unknown Source)
	at java.lang.ClassLoader.loadClass(Unknown Source)
	at java.lang.ClassLoader.loadClassInternal(Unknown Source)
	at java.lang.Class.forName0(Native Method)
	at java.lang.Class.forName(Unknown Source)
</error>

      <system-out />

      <system-err />

  </testsuite>
  <testsuite errors="0" failures="0" hostname="8b169e5839024d7" id="2" name="TestLine" package="com.withub.sample" tests="2" time="0.078" timestamp="2011-08-02T01:51:21">
      <properties>
[...]
</properties>

      <testcase classname="com.withub.sample.TestLine" name="testGetArea" time="0.016" />

      <testcase classname="com.withub.sample.TestLine" name="testGetLength" time="0.0" />

      <system-out />

      <system-err />

  </testsuite>
  <testsuite errors="0" failures="0" hostname="8b169e5839024d7" id="3" name="TestPoint" package="com.withub.sample" tests="2" time="0.172" timestamp="2011-08-02T01:51:22">
      <properties>
[...]
</properties>

      <testcase classname="com.withub.sample.TestPoint" name="testGetArea" time="0.0" />

      <testcase classname="com.withub.sample.TestPoint" name="testGetLength" time="0.0" />

      <system-out />

      <system-err />

  </testsuite>
</testsuites>
